<?xml version="1.0" encoding="UTF-8"?>
<!-- Generated by org.testng.reporters.JUnitReportReporter -->
<testsuite hostname="Roushan" name="com.ultimatix.functionaltests.VisaStatus" tests="1" failures="0" timestamp="31 Jul 2016 08:04:35 GMT" time="12.435" errors="0">
  <testcase name="CheckVisaStatus" time="12.435" classname="com.ultimatix.functionaltests.VisaStatus"/>
</testsuite> <!-- com.ultimatix.functionaltests.VisaStatus -->
