<?xml version="1.0" encoding="UTF-8"?>
<!-- Generated by org.testng.reporters.JUnitReportReporter -->
<testsuite hostname="Roushan" name="com.ultimatix.functionaltests.LoginUx" tests="2" failures="0" timestamp="25 Jul 2016 06:32:10 GMT" time="53.376" errors="0">
  <testcase name="loginUltimatix_TC01" time="24.527" classname="com.ultimatix.functionaltests.LoginUx"/>
  <testcase name="loginUltimatix_TC01" time="28.849" classname="com.ultimatix.functionaltests.LoginUx"/>
</testsuite> <!-- com.ultimatix.functionaltests.LoginUx -->
