<?xml version="1.0" encoding="UTF-8"?>
<!-- Generated by org.testng.reporters.JUnitReportReporter -->
<testsuite hostname="Roushan" name="com.ultimatix.functionaltests.VisaStatus" tests="1" failures="0" timestamp="1 Aug 2016 05:28:15 GMT" time="12.078" errors="0">
  <testcase name="CheckVisaStatus" time="12.078" classname="com.ultimatix.functionaltests.VisaStatus"/>
</testsuite> <!-- com.ultimatix.functionaltests.VisaStatus -->
